[    0.000000] Initializing cgroup subsys cpuset
[    0.000000] Initializing cgroup subsys cpu
[    0.000000] Initializing cgroup subsys cpuacct
[    0.000000] Linux version 4.4.0-75-generic (buildd@lgw01-21) (gcc version 5.4.0 20160609 (Ubuntu 5.4.0-6ubuntu1~16.04.4) ) #96-Ubuntu SMP Thu Apr 20 09:56:33 UTC 2017 (Ubuntu 4.4.0-75.96-generic 4.4.59)
[    0.000000] Command line: BOOT_IMAGE=/boot/vmlinuz-4.4.0-75-generic root=UUID=3f513ff0-5157-487f-95f9-0886b2752eda ro console=tty1 console=ttyS0
[    0.000000] KERNEL supported cpus:
[    0.000000]   Intel GenuineIntel
[    0.000000]   AMD AuthenticAMD
[    0.000000]   Centaur CentaurHauls
[    0.000000] x86/fpu: xstate_offset[2]:  576, xstate_sizes[2]:  256
[    0.000000] x86/fpu: Supporting XSAVE feature 0x01: 'x87 floating point registers'
[    0.000000] x86/fpu: Supporting XSAVE feature 0x02: 'SSE registers'
[    0.000000] x86/fpu: Supporting XSAVE feature 0x04: 'AVX registers'
[    0.000000] x86/fpu: Enabled xstate features 0x7, context size is 832 bytes, using 'standard' format.
[    0.000000] x86/fpu: Using 'lazy' FPU context switches.
[    0.000000] e820: BIOS-provided physical RAM map:
[    0.000000] BIOS-e820: [mem 0x0000000000000000-0x000000000009fbff] usable
[    0.000000] BIOS-e820: [mem 0x000000000009fc00-0x000000000009ffff] reserved
[    0.000000] BIOS-e820: [mem 0x00000000000f0000-0x00000000000fffff] reserved
[    0.000000] BIOS-e820: [mem 0x0000000000100000-0x000000003ffeffff] usable
[    0.000000] BIOS-e820: [mem 0x000000003fff0000-0x000000003fffffff] ACPI data
[    0.000000] BIOS-e820: [mem 0x00000000fec00000-0x00000000fec00fff] reserved
[    0.000000] BIOS-e820: [mem 0x00000000fee00000-0x00000000fee00fff] reserved
[    0.000000] BIOS-e820: [mem 0x00000000fffc0000-0x00000000ffffffff] reserved
[    0.000000] NX (Execute Disable) protection: active
[    0.000000] SMBIOS 2.5 present.
[    0.000000] Hypervisor detected: KVM
[    0.000000] e820: last_pfn = 0x3fff0 max_arch_pfn = 0x400000000
[    0.000000] MTRR: Disabled
[    0.000000] x86/PAT: MTRRs disabled, skipping PAT initialization too.
[    0.000000] x86/PAT: Configuration [0-7]: WB  WT  UC- UC  WB  WT  UC- UC  
[    0.000000] CPU MTRRs all blank - virtualized system.
[    0.000000] found SMP MP-table at [mem 0x0009fff0-0x0009ffff] mapped at [ffff88000009fff0]
[    0.000000] Scanning 1 areas for low memory corruption
[    0.000000] RAMDISK: [mem 0x36234000-0x37111fff]
[    0.000000] ACPI: Early table checksum verification disabled
[    0.000000] ACPI: RSDP 0x00000000000E0000 000024 (v02 VBOX  )
[    0.000000] ACPI: XSDT 0x000000003FFF0030 00003C (v01 VBOX   VBOXXSDT 00000001 ASL  00000061)
[    0.000000] ACPI: FACP 0x000000003FFF00F0 0000F4 (v04 VBOX   VBOXFACP 00000001 ASL  00000061)
[    0.000000] ACPI: DSDT 0x000000003FFF0470 00210F (v01 VBOX   VBOXBIOS 00000002 INTL 20100528)
[    0.000000] ACPI: FACS 0x000000003FFF0200 000040
[    0.000000] ACPI: FACS 0x000000003FFF0200 000040
[    0.000000] ACPI: APIC 0x000000003FFF0240 00005C (v02 VBOX   VBOXAPIC 00000001 ASL  00000061)
[    0.000000] ACPI: SSDT 0x000000003FFF02A0 0001CC (v01 VBOX   VBOXCPUT 00000002 INTL 20100528)
[    0.000000] No NUMA configuration found
[    0.000000] Faking a node at [mem 0x0000000000000000-0x000000003ffeffff]
[    0.000000] NODE_DATA(0) allocated [mem 0x3ffeb000-0x3ffeffff]
[    0.000000] kvm-clock: Using msrs 4b564d01 and 4b564d00
[    0.000000] kvm-clock: cpu 0, msr 0:3ffe3001, primary cpu clock
[    0.000000] kvm-clock: using sched offset of 3239031241 cycles
[    0.000000] clocksource: kvm-clock: mask: 0xffffffffffffffff max_cycles: 0x1cd42e4dffb, max_idle_ns: 881590591483 ns
[    0.000000] Zone ranges:
[    0.000000]   DMA      [mem 0x0000000000001000-0x0000000000ffffff]
[    0.000000]   DMA32    [mem 0x0000000001000000-0x000000003ffeffff]
[    0.000000]   Normal   empty
[    0.000000]   Device   empty
[    0.000000] Movable zone start for each node
[    0.000000] Early memory node ranges
[    0.000000]   node   0: [mem 0x0000000000001000-0x000000000009efff]
[    0.000000]   node   0: [mem 0x0000000000100000-0x000000003ffeffff]
[    0.000000] Initmem setup node 0 [mem 0x0000000000001000-0x000000003ffeffff]
[    0.000000] ACPI: PM-Timer IO Port: 0x4008
[    0.000000] IOAPIC[0]: apic_id 2, version 32, address 0xfec00000, GSI 0-23
[    0.000000] ACPI: INT_SRC_OVR (bus 0 bus_irq 0 global_irq 2 dfl dfl)
[    0.000000] ACPI: INT_SRC_OVR (bus 0 bus_irq 9 global_irq 9 high level)
[    0.000000] Using ACPI (MADT) for SMP configuration information
[    0.000000] smpboot: Allowing 2 CPUs, 0 hotplug CPUs
[    0.000000] PM: Registered nosave memory: [mem 0x00000000-0x00000fff]
[    0.000000] PM: Registered nosave memory: [mem 0x0009f000-0x0009ffff]
[    0.000000] PM: Registered nosave memory: [mem 0x000a0000-0x000effff]
[    0.000000] PM: Registered nosave memory: [mem 0x000f0000-0x000fffff]
[    0.000000] e820: [mem 0x40000000-0xfebfffff] available for PCI devices
[    0.000000] Booting paravirtualized kernel on KVM
[    0.000000] clocksource: refined-jiffies: mask: 0xffffffff max_cycles: 0xffffffff, max_idle_ns: 7645519600211568 ns
[    0.000000] setup_percpu: NR_CPUS:512 nr_cpumask_bits:512 nr_cpu_ids:2 nr_node_ids:1
[    0.000000] PERCPU: Embedded 33 pages/cpu @ffff88003fc00000 s98264 r8192 d28712 u1048576
[    0.000000] PV qspinlock hash table entries: 256 (order: 0, 4096 bytes)
[    0.000000] Built 1 zonelists in Node order, mobility grouping on.  Total pages: 257913
[    0.000000] Policy zone: DMA32
[    0.000000] Kernel command line: BOOT_IMAGE=/boot/vmlinuz-4.4.0-75-generic root=UUID=3f513ff0-5157-487f-95f9-0886b2752eda ro console=tty1 console=ttyS0
[    0.000000] PID hash table entries: 4096 (order: 3, 32768 bytes)
[    0.000000] Memory: 997356K/1048120K available (8449K kernel code, 1294K rwdata, 3980K rodata, 1484K init, 1316K bss, 50764K reserved, 0K cma-reserved)
[    0.000000] SLUB: HWalign=64, Order=0-3, MinObjects=0, CPUs=2, Nodes=1
[    0.000000] Hierarchical RCU implementation.
[    0.000000] 	Build-time adjustment of leaf fanout to 64.
[    0.000000] 	RCU restricting CPUs from NR_CPUS=512 to nr_cpu_ids=2.
[    0.000000] RCU: Adjusting geometry for rcu_fanout_leaf=64, nr_cpu_ids=2
[    0.000000] NR_IRQS:33024 nr_irqs:440 16
[    0.000000] Console: colour VGA+ 80x25
[    0.000000] console [tty1] enabled
[    0.000000] console [ttyS0] enabled
[    0.000000] tsc: Detected 2494.226 MHz processor
[   10.169319] Calibrating delay loop (skipped) preset value.. 4988.45 BogoMIPS (lpj=9976904)
[   10.340645] pid_max: default: 32768 minimum: 301
[   10.443436] ACPI: Core revision 20150930
[   10.538962] ACPI: 2 ACPI AML tables successfully acquired and loaded
[   10.669992] Security Framework initialized
[   10.744015] Yama: becoming mindful.
[   10.813453] AppArmor: AppArmor initialized
[   10.872941] Dentry cache hash table entries: 131072 (order: 8, 1048576 bytes)
[   10.909143] Inode-cache hash table entries: 65536 (order: 7, 524288 bytes)
[   10.911312] Mount-cache hash table entries: 2048 (order: 2, 16384 bytes)
[   11.032488] Mountpoint-cache hash table entries: 2048 (order: 2, 16384 bytes)
[   11.177882] Initializing cgroup subsys io
[   11.228597] Initializing cgroup subsys memory
[   11.312351] Initializing cgroup subsys devices
[   11.386952] Initializing cgroup subsys freezer
[   11.482431] Initializing cgroup subsys net_cls
[   11.566133] Initializing cgroup subsys perf_event
[   11.648802] Initializing cgroup subsys net_prio
[   11.684569] Initializing cgroup subsys hugetlb
[   11.751427] Initializing cgroup subsys pids
[   11.830455] CPU: Physical Processor ID: 0
[   11.899390] CPU: Processor Core ID: 0
[   11.953169] mce: CPU supports 0 MCE banks
[   11.984901] Last level iTLB entries: 4KB 1024, 2MB 1024, 4MB 1024
[   12.035616] Last level dTLB entries: 4KB 1024, 2MB 1024, 4MB 1024, 1GB 4
[   12.126004] Freeing SMP alternatives memory: 32K (ffffffff820b8000 - ffffffff820c0000)
[   12.260952] ftrace: allocating 32117 entries in 126 pages
[   12.359238] smpboot: APIC(0) Converting physical 0 to logical package 0
[   12.399246] smpboot: Max logical packages: 1
[   12.432738] x2apic enabled
[   12.469137] Switched APIC routing to physical x2apic.
[   12.493878] ..TIMER: vector=0x30 apic1=0 pin1=2 apic2=-1 pin2=-1
[   12.648458] smpboot: CPU0: Intel(R) Core(TM) i7-4870HQ CPU @ 2.50GHz (family: 0x6, model: 0x46, stepping: 0x1)
[   12.701063] Performance Events: unsupported p6 CPU model 70 no PMU driver, software events only.
[   12.914611] KVM setup paravirtual spinlock
[   13.001043] x86: Booting SMP configuration:
[   13.052523] .... node  #0, CPUs:      #1
[   13.102095] kvm-clock: cpu 1, msr 0:3ffe3041, secondary cpu clock
[   13.260580] mce: CPU supports 0 MCE banks
[   13.328273] x86: Booted up 1 node, 2 CPUs
[   13.401536] smpboot: Total of 2 processors activated (9976.90 BogoMIPS)
[   13.551157] devtmpfs: initialized
[   13.622578] evm: security.selinux
[   13.703399] evm: security.SMACK64
[   13.782604] evm: security.SMACK64EXEC
[   13.847259] evm: security.SMACK64TRANSMUTE
[   13.931581] evm: security.SMACK64MMAP
[   14.018987] evm: security.ima
[   14.092304] evm: security.capability
[   14.143094] clocksource: jiffies: mask: 0xffffffff max_cycles: 0xffffffff, max_idle_ns: 7645041785100000 ns
[   14.251389] futex hash table entries: 512 (order: 3, 32768 bytes)
[   14.380350] pinctrl core: initialized pinctrl subsystem
[   14.457874] RTC time: 19:25:01, date: 04/29/17
[   14.510216] NET: Registered protocol family 16
[   14.624577] cpuidle: using governor ladder
[   14.736496] cpuidle: using governor menu
[   14.825811] PCCT header not found.
[   14.905700] ACPI: bus type PCI registered
[   15.002160] acpiphp: ACPI Hot Plug PCI Controller Driver version: 0.5
[   15.146025] PCI: Using configuration type 1 for base access
[   15.240440] ACPI: Added _OSI(Module Device)
[   15.298868] ACPI: Added _OSI(Processor Device)
[   15.393590] ACPI: Added _OSI(3.0 _SCP Extensions)
[   15.511979] ACPI: Added _OSI(Processor Aggregator Device)
[   15.626501] ACPI: Executed 1 blocks of module-level executable AML code
[   15.769166] ACPI: Interpreter enabled
[   15.839738] ACPI: (supports S0 S5)
[   15.914631] ACPI: Using IOAPIC for interrupt routing
[   16.021365] PCI: Using host bridge windows from ACPI; if necessary, use "pci=nocrs" and report a bug
[   16.200964] ACPI: PCI Root Bridge [PCI0] (domain 0000 [bus 00-ff])
[   16.289741] acpi PNP0A03:00: _OSC: OS supports [ASPM ClockPM Segments MSI]
[   16.383186] acpi PNP0A03:00: _OSC failed (AE_NOT_FOUND); disabling ASPM
[   16.516310] acpi PNP0A03:00: fail to add MMCONFIG information, can't access extended PCI configuration space under this bridge.
[   16.788648] PCI host bridge to bus 0000:00
[   16.862855] pci_bus 0000:00: root bus resource [io  0x0000-0x0cf7 window]
[   17.038488] pci_bus 0000:00: root bus resource [io  0x0d00-0xffff window]
[   17.181814] pci_bus 0000:00: root bus resource [mem 0x000a0000-0x000bffff window]
[   17.356051] pci_bus 0000:00: root bus resource [mem 0x40000000-0xffdfffff window]
[   17.449844] pci_bus 0000:00: root bus resource [bus 00-ff]
[   17.581685] pci 0000:00:01.1: legacy IDE quirk: reg 0x10: [io  0x01f0-0x01f7]
[   17.719805] pci 0000:00:01.1: legacy IDE quirk: reg 0x14: [io  0x03f6]
[   17.874798] pci 0000:00:01.1: legacy IDE quirk: reg 0x18: [io  0x0170-0x0177]
[   18.049287] pci 0000:00:01.1: legacy IDE quirk: reg 0x1c: [io  0x0376]
[   18.176371] pci 0000:00:07.0: quirk: [io  0x4000-0x403f] claimed by PIIX4 ACPI
[   18.313788] pci 0000:00:07.0: quirk: [io  0x4100-0x410f] claimed by PIIX4 SMB
[   18.465345] ACPI: PCI Interrupt Link [LNKA] (IRQs 5 9 10 *11)
[   18.536964] ACPI: PCI Interrupt Link [LNKB] (IRQs 5 9 10 *11)
[   18.652029] ACPI: PCI Interrupt Link [LNKC] (IRQs 5 9 *10 11)
[   18.781176] ACPI: PCI Interrupt Link [LNKD] (IRQs 5 *9 10 11)
[   18.900900] ACPI: Enabled 2 GPEs in block 00 to 07
[   18.999312] vgaarb: setting as boot device: PCI:0000:00:02.0
[   19.127079] vgaarb: device added: PCI:0000:00:02.0,decodes=io+mem,owns=io+mem,locks=none
[   19.318194] vgaarb: loaded
[   19.381696] vgaarb: bridge control possible 0000:00:02.0
[   19.503796] SCSI subsystem initialized
[   19.551165] ACPI: bus type USB registered
[   19.574895] usbcore: registered new interface driver usbfs
[   19.671636] usbcore: registered new interface driver hub
[   19.797260] usbcore: registered new device driver usb
[   19.919607] PCI: Using ACPI for IRQ routing
[   20.028056] NetLabel: Initializing
[   20.101262] NetLabel:  domain hash size = 128
[   20.179731] NetLabel:  protocols = UNLABELED CIPSOv4
[   20.224855] NetLabel:  unlabeled traffic allowed by default
[   20.277090] amd_nb: Cannot enumerate AMD northbridges
[   20.382424] clocksource: Switched to clocksource kvm-clock
[   20.489772] AppArmor: AppArmor Filesystem Enabled
[   20.496517] pnp: PnP ACPI init
[   20.511309] pnp: PnP ACPI: found 3 devices
[   20.634532] clocksource: acpi_pm: mask: 0xffffff max_cycles: 0xffffff, max_idle_ns: 2085701024 ns
[   20.806886] NET: Registered protocol family 2
[   20.903792] TCP established hash table entries: 8192 (order: 4, 65536 bytes)
[   21.102269] TCP bind hash table entries: 8192 (order: 5, 131072 bytes)
[   21.275819] TCP: Hash tables configured (established 8192 bind 8192)
[   21.442111] UDP hash table entries: 512 (order: 2, 16384 bytes)
[   21.590449] UDP-Lite hash table entries: 512 (order: 2, 16384 bytes)
[   21.728404] NET: Registered protocol family 1
[   21.786296] pci 0000:00:00.0: Limiting direct PCI/PCI transfers
[   21.939926] pci 0000:00:01.0: Activating ISA DMA hang workarounds
[   22.108549] Unpacking initramfs...
[   22.386776] Freeing initrd memory: 15224K (ffff880036234000 - ffff880037112000)
[   22.552710] platform rtc_cmos: registered platform RTC device (no PNP device found)
[   22.708707] Scanning for low memory corruption every 60 seconds
[   22.802117] audit: initializing netlink subsys (disabled)
[   22.811273] audit: type=2000 audit(1493493895.262:1): initialized
[   22.865077] Initialise system trusted keyring
[   23.041485] HugeTLB registered 2MM  page size, pre-allocated 0 pages
[   23.329421] zbud: loaded
[   23.398569] VFS: Disk quotas dquot_6.6.0
[   23.480596] VFS: Dquot-cache hash table entries: 512 (order 0, 4096 bytes)
[   23.551253] tsc: Refined TSC clocksource calibration: 2493.797 MHz
[   23.551254] clocksource: tsc: mask: 0xffffffffffffffff max_cycles: 0x23f25615994, max_idle_ns: 440795293652 ns
[   23.911948] squashfs: version 4.0 (2009/01/31) Phillip Lougher
[   23.984298] fuse init (API version 7.23)
[   24.169919] Key type big_key registered
[   24.342570] Allocating IMA MOK and blacklist keyrings.

[   24.571482] Key type asymmetric registered
[   24.719849] Asymmetric key parser 'x509' registered
[   24.930095] Block layer SCSI generic (bsg) driver version 0.4 loaded (major 249)
[   24.977873] io scheduler noop registered
[   24.989930] io scheduler deadline registered (default)
[   25.030158] io scheduler cfq registered
[   25.186014] pci_hotplug: PCI Hot Plug PCI Core version: 0.5
[   25.249863] pciehp: PCI Express Hot Plug Controller Driver version: 0.4
[   25.256934] ACPI: AC Adapter [AC] (off-line)
[   25.259758] input: Power Button as /devices/LNXSYSTM:00/LNXPWRBN:00/input/input0
[   25.398938] ACPI: Power Button [PWRF]
[   25.424635] input: Sleep Button as /devices/LNXSYSTM:00/LNXSLPBN:00/input/input1
[   25.426160] ACPI: Sleep Button [SLPF]
[   25.427995] ACPI: Battery Slot [BAT0] (battery present)
[   25.557078] GHES: HEST is not enabled!
[   25.720593] Serial: 8250/16550 driver, 32 ports, IRQ sharing enabled
[   25.934473] 00:02: ttyS0 at I/O 0x3f8 (irq = 4, base_baud = 115200) is a 16550A
[   26.042088] Linux agpgart interface v0.103
[   26.067517] loop: module loaded
[   26.084183] scsi host0: ata_piix
[   26.112973] scsi host1: ata_piix
[   26.144849] ata1: PATA max UDMA/33 cmd 0x1f0 ctl 0x3f6 bmdma 0xd000 irq 14
[   26.324278] ata2: PATA max UDMA/33 cmd 0x170 ctl 0x376 bmdma 0xd008 irq 15
[   26.680102] libphy: Fixed MDIO Bus: probed
[   26.790404] tun: Universal TUN/TAP device driver, 1.6
[   26.968201] tun: (C) 1999-2004 Max Krasnyansky <maxk@qualcomm.com>
[   27.148533] PPP generic driver version 2.4.2
[   27.158745] ehci_hcd: USB 2.0 'Enhanced' Host Controller (EHCI) Driver
[   27.220473] ehci-pci: EHCI PCI platform driver
[   27.349928] ehci-platform: EHCI generic platform driver
[   27.459414] ohci_hcd: USB 1.1 'Open' Host Controller (OHCI) Driver
[   27.467268] ohci-pci: OHCI PCI platform driver
[   27.477725] ohci-platform: OHCI generic platform driver
[   27.511509] uhci_hcd: USB Universal Host Controller Interface driver
[   27.557842] i8042: PNP: PS/2 Controller [PNP0303:PS2K,PNP0f03:PS2M] at 0x60,0x64 irq 1,12
[   27.584402] serio: i8042 KBD port at 0x60,0x64 irq 1
[   27.590687] serio: i8042 AUX port at 0x60,0x64 irq 12
[   27.591618] mousedev: PS/2 mouse device common for all mice
[   27.592919] rtc_cmos rtc_cmos: rtc core: registered rtc_cmos as rtc0
[   27.752423] input: AT Translated Set 2 keyboard as /devices/platform/i8042/serio0/input/input2
[   28.054405] rtc_cmos rtc_cmos: alarms up to one day, 114 bytes nvram
[   28.230972] i2c /dev entries driver
[   28.251050] device-mapper: uevent: version 1.0.3
[   28.260066] device-mapper: ioctl: 4.34.0-ioctl (2015-10-28) initialised: dm-devel@redhat.com
[   28.267484] ledtrig-cpu: registered to indicate activity on CPUs
[   28.270810] NET: Registered protocol family 10
[   28.271813] NET: Regittered protocol family 17
[   28.459997] Key type dns_resolver registered
[   28.599537] microcode: CPU0 sig=0x40661, pf=0x40, revision=0x0
[   28.797250] microcode: CPU1 sig=0x40661, pf=0x40, revision=0x0
[   29.038352] microcode: Microcode Update Driver: v2.01 <tigran@aivazian.fsnet.co.uk>, Peter Oruba
[   29.274614] registered taskstats version 1
[   29.314305] Loading compiled-in X.509 certificates
[   29.347945] Loaded X.509 cert 'Build time autogenerated kernel key: c2fea74804032151001b764dbf9eab8df960fa59'
[   29.351394] zswap: loaded using pool lzo/zbud
[   29.353764] Key type trusted registered
[   29.356890] Key type encrypted registered
[   29.465683] AppArmor: AppArmor sha1 policy hashing enabled
[   29.710304] ima: No TPM chip found, activating TPM-bypass!
[   29.879965] evm: HMAC attrs: 0x1
[   29.991789]   Magic number: 13:557:446
[   30.146716] rtc_cmos rtc_cmos: setting system clock to 2017-04-29 19:25:17 UTC (1493493917)
[   30.399184] BIOS EDD facility v0.16 2004-Jun-25, 0 devices found
[   30.413030] EDD information not available.
[   30.421469] Freeing unused kernel memory: 1484K (ffffffff81f45000 - ffffffff820b8000)
[   30.683300] Write protecting the kernel read-only data: 14336k
[   30.929159] Freeing unused kernel memory: 1780K (ffff880001843000 - ffff880001a00000)
[   31.221054] Freeing unused kernel memory: 116K (ffff880001de3000 - ffff880001e00000)
Loading, please [   31.480978] random: systemd-udevd: uninitialized urandom read (16 bytes read, 5 bits of entropy available)
wait...
startin[   31.481644] random: udevadm: uninitialized urandom read (16 bytes read, 5 bits of entropy available)
g version 229
[   31.481680] random: udevadm: uninitialized urandom read (16 bytes read, 5 bits of entropy available)
[   31.481818] random: udevadm: uninitialized urandom read (16 bytes read, 5 bits of entropy available)
[   31.481862] random: udevadm: uninitialized urandom read (16 bytes read, 5 bits of entropy available)
[   31.481898] random: udevadm: uninitialized urandom read (16 bytes read, 5 bits of entropy available)
[   31.481932] random: udevadm: uninitialized urandom read (16 bytes read, 5 bits of entropy available)
[   31.481978] random: udevadm: uninitialized urandom read (16 bytes read, 5 bits of entropy available)
[   31.482018] random: udevadm: uninitialized urandom read (16 bytes read, 5 bits of entropy available)
[   31.482057] random: udevadm: uninitialized urandom read (16 bytes read, 5 bits of entropy available)
[   32.843370] e1000: Intel(R) PRO/1000 Network Driver - version 7.3.21-k8-NAPI
[   33.007389] e1000: Copyright (c) 1999-2006 Intel Corporation.
[   33.170475] Fusion MPT base driver 3.04.20
[   33.337294] Copyright (c) 1999-2008 LSI Corporation
[   33.494423] Fusion MPT SPI Host driver 3.04.20
[   33.636900] AVX version of gcm_enc/dec engaged.
[   33.662429] AES CTR mode by8 optimization enabled
[   33.688332] input: ImExPS/2 Generic Explorer Mouse as /devices/platform/i8042/serio1/input/input4
[   34.223311] e1000 0000:00:03.0 eth0: (PCI:33MHz:32-bit) 02:6f:83:38:c1:e5
[   34.367376] e1000 0000:00:03.0 eth0: Intel(R) PRO/1000 Network Connection
[   34.871444] e1000 0000:00:08.0 eth1: (PCI:33MHz:32-bit) 08:00:27:4f:ea:7b
[   35.032712] e1000 0000:00:08.0 eth1: Intel(R) PRO/1000 Network Connection
[   35.196376] e1000 0000:00:08.0 enp0s8: renamed from eth1
[   35.198500] mptbase: ioc0: Initiating bringup
[   35.423359] e1000 0000:00:03.0 enp0s3: renamed from eth0
[   35.658719] ioc0: LSI53C1030 A0: Capabilities={Initiator}
[   35.954834] scsi host2: ioc0: LSI53C1030 A0, FwRev=00000000h, Ports=1, MaxQ=256, IRQ=20
[   36.298504] scsi 2:0:0:0: Direct-Access     VBOX     HARDDISK         1.0  PQ: 0 ANSI: 5
[   36.627854] scsi target2:0:0: Beginning Domain Validation
[   36.790271] floppy0: no floppy controllers found
[   36.893220] scsi target2:0:0: Domain Validation skipping write tests
[   36.946084] scsi target2:0:0: Ending Domain Validation
[   37.060627] scsi target2:0:0: asynchronous
[   37.135519] scsi 2:0:1:0: Direct-Access     VBOX     HARDDISK         1.0  PQ: 0 ANSI: 5
[   37.317599] scsi target2:0:1: Beginning Domain Validation
[   37.441602] scsi target2:0:1: Domain Validation skipping write tests
[   37.637451] scsi target2:0:1: Ending Domain Validation
[   37.820033] scsi target2:0:1: asynchronous
[   37.901001] sd 2:0:0:0: Attached scsi generic sg0 type 0
[   37.968730] sd 2:0:0:0: [sda] 20971520 512-byte logical blocks: (10.7 GB/10.0 GiB)
[   38.035843] sd 2:0:0:0: [sda] Write Protect is off
[   38.119450] sd 2:0:1:0: [sdb] 20480 512-byte logical blocks: (10.5 MB/10.0 MiB)
[   38.119476] sd 2:0:0:0: [sda] Incomplete mode parameter data
[   38.119496] sd 2:0:0:0: [sda] Assuming drive cache: write through
[   38.122667]  sda: sda1
[   38.123322] sd 2:0:0:0: [sda] Attached SCSI disk
[   38.486965] sd 2:0:1:0: Attached scsi generic sg1 type 0
[   39.095759] sd 2:0:1:0: [sdb] Write Protect is off
[   39.096587] sd 2:0:1:0: [sdb] Incomplete mode parameter data
[   39.097445] sd 2:0:1:0: [sdb] Assuming drive cache: write through
[   39.102079] sd 2:0:1:0: [sdb] Attached SCSI disk
Begin: Loading e[   40.464155] md: linear personality registered for level -1
ssential drivers[   40.585234] md: multipath personality registered for level -4
 ... [   40.741504] md: raid0 personality registered for level 0
[   40.883246] md: raid1 personality registered for level 1
[   41.075279] raid6: sse2x1   gen() 11082 MB/s
[   41.246587] raid6: sse2x1   xor()  7790 MB/s
[   41.327370] raid6: sse2x2   gen() 13277 MB/s
[   41.562490] raid6: sse2x2   xor()  8972 MB/s
[   41.742443] raid6: sse2x4   gen() 16087 MB/s
[   41.946754] raid6: sse2x4   xor() 11071 MB/s
[   42.163174] raid6: using algorithm sse2x4 gen() 16087 MB/s
[   42.305063] raid6: .... xor() 11071 MB/s, rmw enabled
[   42.324687] raid6: using ssse3x2 recovery algorithm
[   42.390575] xor: automatically using best checksumming function:
[   42.534478]    avx       : 24023.000 MB/sec
[   42.606311] async_tx: api initialized (async)
[   42.641301] md: raid6 personality registered for level 6
[   42.655322] md: raid5 personality registered for level 5
[   42.672361] md: raid4 personality registered for level 4
[   42.717602] md: raid10 personality registered for level 10
done.
Begin: Running /scripts/init-premount ... done.
Begin: Mounting root file system ... Begin: Running /scripts/local-top ... done.
Begin: Running /scripts/local-premount ... [   42.772497] Btrfs loaded
Scanning for Btrfs filesystems
done.
Warning: fsck no[   42.860535] EXT4-fs (sda1): mounted filesystem with ordered data mode. Opts: (null)
t present, so skipping root file system
done.
Begin: Running /scripts/local-bottom ... done.
Begin: Running /scripts/init-bottom ... done.
[   43.082507] systemd[1]: systemd 229 running in system mode. (+PAM +AUDIT +SELINUX +IMA +APPARMOR +SMACK +SYSVINIT +UTMP +LIBCRYPTSETUP +GCRYPT +GNUTLS +ACL +XZ -LZ4 +SECCOMP +BLKID +ELFUTILS +KMOD -IDN)
[   43.385217] systemd[1]: Detected virtualization oracle.
[   43.435098] systemd[1]: Detected architecture x86-64.

Welcome to [1mUbuntu 16.04.2 LTS[0m!

[   43.571461] systemd[1]: Set hostname to <ubuntu-xenial>.
[   43.799824] systemd[1]: Listening on Device-mapper event daemon FIFOs.
[[0;32m  OK  [0m] Listening on Device-mapper event daemon FIFOs.
[   44.011289] systemd[1]: Created slice System Slice.
[[0;32m  OK  [0m] Created slice System Slice.
[   44.183142] systemd[1]: Listening on Syslog Socket.
[[0;32m  OK  [0m] Listening on Syslog Socket.
[   44.323444] systemd[1]: Created slice system-serial\x2dgetty.slice.
[[0;32m  OK  [0m] Created slice system-serial\x2dgetty.slice.
[   44.511147] systemd[1]: Created slice User and Session Slice.
[[0;32m  OK  [0m] Created slice User and Session Slice.
[   44.702878] systemd[1]: Listening on Journal Audit Socket.
[[0;32m  OK  [0m] Listening on Journal Audit Socket.
[   44.887096] systemd[1]: Listening on Journal Socket (/dev/log).
[[0;32m  OK  [0m] Listening on Journal Socket (/dev/log).
[   45.082979] systemd[1]: Listening on LVM2 metadata daemon socket.
[[0;32m  OK  [0m] Listening on LVM2 metadata daemon socket.
[   45.294905] systemd[1]: Listening on LVM2 poll daemon socket.
[[0;32m  OK  [0m] Listening on LVM2 poll daemon socket.
[   45.474936] systemd[1]: Started Forward Password Requests to Wall Directory Watch.
[[0;32m  OK  [0m] Started Forward Password Requests to Wall Directory Watch.
[   45.707135] systemd[1]: Listening on /dev/initctl Compatibility Named Pipe.
[[0;32m  OK  [0m] Listening on /dev/initctl Compatibility Named Pipe.
[   45.939174] systemd[1]: Reached target Swap.
[[0;32m  OK  [0m] Reached target Swap.
[   46.099518] systemd[1]: Listening on udev Control Socket.
[[0;32m  OK  [0m] Listening on udev Control Socket.
[   46.282761] systemd[1]: Reached target User and Group Name Lookups.
[[0;32m  OK  [0m] Reached target User and Group Name Lookups.
[   46.470976] systemd[1]: Listening on Journal Socket.
[[0;32m  OK  [0m] Listening on Journal Socket.
[   46.642771] systemd[1]: Starting Uncomplicated firewall...
         Starting Uncomplicated firewall...
[   46.727167] systemd[1]: Starting Monitoring of LVM2 mirrors, snapshots etc. using dmeventd or progress polling...
         Starting Monitoring of LVM2 mirrors... dmeventd or progress polling...
[   47.010914] systemd[1]: Starting Journal Service...
[   47.118427] random: nonblocking pool is initialized
         Starting Journal Service...
[   47.262592] systemd[1]: Starting Nameserver information manager...
         Starting Nameserver information manager...
[   47.412376] systemd[1]: Starting Remount Root and Kernel File Systems...
         [   47.572255] EXT4-fs (sda1): re-mounted. Opts: (null)
Starting Remount Root and Kernel File Systems...
[   47.759081] systemd[1]: Mounting Debug File System...
         Mounting Debug File System...
[   47.926976] systemd[1]: Mounting POSIX Message Queue File System...
         Mounting POSIX Message Queue File System...
[   48.150643] systemd[1]: Starting Load Kernel Modules...
         Starting Load Ke[   48.284658] Loading iSCSI transport class v2.0-870.
rnel Modules...[   48.512722] iscsi: registered transport (tcp)

[   48.696454] systemd[1]: Reached target Encrypted Volumes.
[[0;32m  OK  [0m] Reached targe[   48.800910] iscsi: registered transport (iser)
t Encrypted Volumes.
[   48.871354] systemd[1]: Listening on udev Kernel Socket.
[[0;32m  OK  [0m] Listening on udev Kernel Socket.
[   49.043068] systemd[1]: Set up automount Arbitrary Executable File Formats File System Automount Point.
[[0;32m  OK  [0m] Set up automount Arbitrary Executab...ats File System Automount Point.
[   49.354963] systemd[1]: Reached target Slices.
[[0;32m  OK  [0m] Reached target Slices.
[   49.526668] systemd[1]: Starting Create list of required static device nodes for the current kernel...
         Starting Create list of required st... nodes for the current kernel...
[   49.886605] systemd[1]: Mounting Huge Pages File System...
         Mounting Huge Pages File System...
[   49.915345] systemd[1]: Starting Set console keymap...
         Starting Set console keymap...
[   49.931617] systemd[1]: Mounted Debug File System.
[[0;32m  OK  [0m] Mounted Debug File System.
[   50.059230] systemd[1]: Mounted Huge Pages File System.
[[0;32m  OK  [0m] Mounted Huge Pages File System.
[   50.295144] systemd[1]: Mounted POSIX Message Queue File System.
[[0;32m  OK  [0m] Mounted POSIX Message Queue File System.
[   50.503409] systemd[1]: Started Journal Service.
[[0;32m  OK  [0m] Started Journal Service.
[[0;32m  OK  [0m] Started Uncomplicated firewall.
[[0;32m  OK  [0m] Started Remount Root and Kernel File Systems.
[[0;32m  OK  [0m] Started Load Kernel Modules.
[[0;32m  OK  [0m] Started Create list of required sta...ce nodes for the current kernel.
[[0;32m  OK  [0m] Started Set console keymap.
[[0;32m  OK  [0m] Started Nameserver information manager.
[[0;32m  OK  [0m] Started LVM2 metadata daemon.
         Starting Create Static Device Nodes in /dev...
         Starting Apply Kernel Variables...
         Mounting FUSE Control File System...
         Starting Initial cloud-init job (pre-networking)...
         Starting udev Coldplug all Devices...
         Starting Load/Save Random Seed...
         Starting Flush Journal to Persistent Storage...
[[0;32m  OK  [0m] Mounted FUSE Control File System.
[[0;32m  OK  [0m] Started Create Static Device Nodes in /dev.
[[0;32m  OK  [0m] Started Apply Kernel Variables.
[[0;32m  OK  [0m] Started Load/Save Random Seed.
[[0;32m  OK  [0m] Started udev Coldplug all Devices.
[[0;32m  OK  [0m] Started Flush Journal to Persistent Storage.
         Starting udev Kernel Device Manager...
[[0;32m  OK  [0m] Started udev Kernel Device Manager.
[[0;32m  OK  [0m] Started Dispatch Password Requests to Console Directory Watch.
[[0;32m  OK  [0m] Started Monitoring of LVM2 mirrors,...ng dmeventd or progress polling.
[[0;32m  OK  [0m] Found device /dev/ttyS0.
[[0;32m  OK  [0m] Reached target Local File Systems (Pre).
[[0;32m  OK  [0m] Reached target Local File Systems.
         Starting Create Volatile Files and Directories...
         Starting LSB: AppArmor initialization...
[   32.292122] cloud-init[457]: Cloud-init v. 0.7.9 running 'init-local' at Sat, 29 Apr 2017 19:25:38 +0000. Up 32.05 seconds.
         Starting Set console font and keymap...
         Starting Tell Plymouth To Write Out Runtime Data...
[[0;32m  OK  [0m] Started Create Volatile Files and Directories.
[[0;32m  OK  [0m] Started Set console font and keymap.
[[0;32m  OK  [0m] Started Tell Plymouth To Write Out Runtime Data.
[[0;32m  OK  [0m] Started Initial cloud-init job (pre-networking).
[[0;32m  OK  [0m] Listening on Load/Save RF Kill Switch Status /dev/rfkill Watch.
[[0;32m  OK  [0m] Reached target Network (Pre).
[[0;32m  OK  [0m] Created slice system-getty.slice.
         Starting Update UTMP about System Boot/Shutdown...
[[0;32m  OK  [0m] Reached target System Time Synchronized.
[[0;32m  OK  [0m] Started LSB: AppArmor initialization.
[[0;32m  OK  [0m] Started ifup for enp0s8.
         Starting Raise network interfaces...
[[0;32m  OK  [0m] Started ifup for enp0s3.
[[0;32m  OK  [0m] Started Update UTMP about System Boot/Shutdown.
[[0;32m  OK  [0m] Started Raise network interfaces.
[[0;32m  OK  [0m] Reached target Network.
         Starting Initial cloud-init job (metadata service crawler)...
[   35.631848] cloud-init[1052]: Cloud-init v. 0.7.9 running 'init' at Sat, 29 Apr 2017 19:25:42 +0000. Up 35.44 seconds.
[   35.704957] cloud-init[1052]: ci-info: ++++++++++++++++++++++++++++++++++++++Net device info++++++++++++++++++++++++++++++++++++++
[   35.705265] cloud-init[1052]: ci-info: +--------+------+-----------------------------+---------------+-------+-------------------+
[[0;32m  OK  [0m] Started Initial cloud-init job (metadata service crawler).
[   35.705417] cloud-init[1052]: ci-info: | Device |  Up  |           Address           |      Mask     | Scope |     Hw-Address    |
[   35.832853] cloud-init[1052]: ci-info: +--------+------+-----------------------------+---------------+-------+-------------------+
[   35.833195] cloud-init[1052]: ci-info: | enp0s8 | True |        192.168.33.10        | 255.255.255.0 |   .   | 08:00:27:4f:ea:7b |
[[0;32m  OK  [0m] Reached target Cloud-config availability.
[[   35.833351] cloud-init[1052]: ci-info: | enp0s8 | True | fe80::a00:27ff:fe4f:ea7b/64 |       .       |  link | 08:00:27:4f:ea:7b |
[   36.080844] cloud-init[1052]: ci-info: |   lo   | True |          127.0.0.1          |   255.0.0.0   |   .   |         .         |
[0;32m  OK  [0m] Reached target System Initialization.
[[   36.080931] cloud-init[1052]: ci-info: |   lo   | True |           ::1/128           |       .       |  host |         .         |
[   36.321133] cloud-init[1052]: ci-info: | enp0s3 | True |          10.0.2.15          | 255.255.255.0 |   .   | 02:6f:83:38:c1:e5 |
[0;32m  OK  [0m] Listening on ACPID Listen Socket.
[   36.321249] cloud-init[1052]: ci-info: | enp0s3 | True |  fe80::6f:83ff:fe38:c1e5/64 |       .       |  link | 02:6f:83:38:c1:e5 |
[   36.664604] cloud-init[1052]: ci-info: +--------+------+-----------------------------+---------------+-------+-------------------+
[   36.664955] cloud-init[1052]: ci-info: ++++++++++++++++++++++++++++Route IPv4 info++++++++++++++++++++++++++++
[[0;32m  OK  [0m] Started ACPI Events Check.
[[   36.665154] cloud-init[1052]: ci-info: +-------+--------------+----------+---------------+-----------+-------+
[   36.864734] cloud-init[1052]: ci-info: | Route | Destination  | Gateway  |    Genmask    | Interface | Flags |
[0;32m  OK  [0m] Started Daily Cleanup of Temporary Directories.
[[   36.864859] cloud-init[1052]: ci-info: +-------+--------------+----------+---------------+-----------+-------+
[   37.085047] cloud-init[1052]: ci-info: |   0   |   0.0.0.0    | 10.0.2.2 |    0.0.0.0    |   enp0s3  |   UG  |
[0;32m  OK  [0m] Listening on UUID daemon activation socket.
[   37.085144] cloud-init[1052]: ci-info: |   1   |   10.0.2.0   | 0.0.0.0  | 255.255.255.0 |   enp0s3  |   U   |
[   37.388412] cloud-init[1052]: ci-info: |   2   | 192.168.33.0 | 0.0.0.0  | 255.255.255.0 |   enp0s8  |   U   |
[   37.388748] cloud-init[1052]: ci-info: +-------+--------------+----------+---------------+-----------+-------+
[[0;32m  OK  [0m] Started Timer to automatically refresh installed snaps.
[[0;32m  OK  [0m] Listening on D-Bus System Message Bus Socket.
         Starting LXD - unix socket.
         Starting Socket activation for snappy daemon.
[[0;32m  OK  [0m] Started Daily apt activities.
[[0;32m  OK  [0m] Reached target Timers.
[[0;32m  OK  [0m] Started Trigger resolvconf update for networkd DNS.
[[0;32m  OK  [0m] Reached target Paths.
[[0;32m  OK  [0m] Reached target Network is Online.
         Starting iSCSI initiator daemon (iscsid)...
[[0;32m  OK  [0m] Listening on LXD - unix socket.
[[0;32m  OK  [0m] Listening on Socket activation for snappy daemon.
[[0;32m  OK  [0m] Started iSCSI initiator daemon (iscsid).
         Starting Login to default iSCSI targets...
[[0;32m  OK  [0m] Reached target Sockets.
[[0;32m  OK  [0m] Reached target Basic System.
         Starting The PHP 7.0 FastCGI Process Manager...
[[0;32m  OK  [0m] Started Snappy daemon.
         Starting Auto import assertions from block devices...
         Starting MySQL Community Server...
[[0;32m  OK  [0m] Started D-Bus System Message Bus.
         Starting Login Service...
         Starting Accounts Service...
         Starting LSB: MD monitoring daemon...
[[0;32m  OK  [0m] Started ACPI event daemon.
         Starting LSB: Record successful boot for GRUB...
         Starting /etc/rc.local Compatibility...
         Starting LXD - container startup/shutdown...
         Starting Apply the settings specified in cloud-config...
         Starting A high performance web server and a reverse proxy server...
         Starting OpenBSD Secure Shell server...
         Starting System Logging Service...
[[0;32m  OK  [0m] Started Deferred execution scheduler.
[[0;32m  OK  [0m] Started FUSE filesystem for LXC.
[   39.015183] cloud-init[1161]: Cloud-init v. 0.7.9 running 'modules:config' at Sat, 29 Apr 2017 19:25:45 +0000. Up 38.94 seconds.
[[0;32m  OK  [0m] Started Regular background program processing daemon.
[[0;32m  OK  [0m] Started OpenBSD Secure Shell server.
[[0;32m  OK  [0m] Started System Logging Service.
[[0;32m  OK  [0m] Started Auto import assertions from block devices.
[[0;32m  OK  [0m] Started /etc/rc.local Compatibility.
[[0;32m  OK  [0m] Started LXD - container startup/shutdown.
[[0;32m  OK  [0m] Started Apply the settings specified in cloud-config.
[[0;32m  OK  [0m] Started The PHP 7.0 FastCGI Process Manager.
[[0;32m  OK  [0m] Started A high performance web server and a reverse proxy server.
[[0;32m  OK  [0m] Started Login to default iSCSI targets.
[[0;32m  OK  [0m] Started LSB: MD monitoring daemon.
[[0;32m  OK  [0m] Started LSB: Record successful boot for GRUB.
[[0;32m  OK  [0m] Started Login Service.
         Starting Authenticate and Authorize Users to Run Privileged Tasks...
[[0;32m  OK  [0m] Reached target Remote File Systems (Pre).
[[0;32m  OK  [0m] Reached target Remote File Systems.
         Starting LSB: VirtualBox Linux Additions...
         Starting LSB: daemon to balance interrupts for SMP systems...
         Starting Permit User Sessions...
         Starting LSB: Set the CPU Frequency Scaling governor to "ondemand"...
         Starting LSB: automatic crash report generation...
[[0;32m  OK  [0m] Started Permit User Sessions.
[[0;32m  OK  [0m] Started Authenticate and Authorize Users to Run Privileged Tasks.
[[0;32m  OK  [0m] Started Accounts Service.
[[0;32m  OK  [0m] Created slice User Slice of ubuntu.
         Starting User Manager for UID 1000...
[[0;32m  OK  [0m] Started Session 1 of user ubuntu.
         Starting Hold until boot process finishes up...
         Starting Terminate Plymouth Boot Screen...
[[0;32m  OK  [0m] Started User Manager for UID 1000.
[[0;32m  OK  [0m] Started LSB: VirtualBox Linux Additions.
[[0;32m  OK  [0m] Started LSB: daemon to balance interrupts for SMP systems.
[[0;32m  OK  [0m] Started LSB: Set the CPU Frequency Scaling governor to "ondemand".
[[0;32m  OK  [0m] Started LSB: automatic crash report generation.
[[0;32m  OK  [0m] Started Hold until boot process finishes up.
[[0;32m  OK  [0m] Started MySQL Community Server.
[[0;32m  OK  [0m] Started Terminate Plymouth Boot Screen.
         Starting Set console scheme...
[[0;32m  OK  [0m] Started Getty on tty1.
[[0;32m  OK  [0m] Started Serial Getty on ttyS0.
[[0;32m  OK  [0m] Reached target Login Prompts.
[[0;32m  OK  [0m] Reached target Multi-User System.
         Starting Execute cloud user/final scripts...
[[0;32m  OK  [0m] Reached target Graphical Interface.
         Starting Update UTMP about System Runlevel Changes...
[[0;32m  OK  [0m] Started Set console scheme.
[[0;32m  OK  [0m] Started Update UTMP about System Runlevel Changes.
[   40.977751] cloud-init[1352]: Cloud-init v. 0.7.9 running 'modules:final' at Sat, 29 Apr 2017 19:25:47 +0000. Up 40.89 seconds.
[   41.108483] cloud-init[1352]: Cloud-init v. 0.7.9 finished at Sat, 29 Apr 2017 19:25:47 +0000. Datasource DataSourceNoCloud [seed=/dev/sdb][dsmode=net].  Up 40.97 seconds
[[0;32m  OK  [0m] Started Execute cloud user/final scripts.
[[0;32m  OK  [0m] Reached target Cloud-init target.

Ubuntu 16.04.2 LTS ubuntu-xenial ttyS0

ubuntu-xenial login: 